<?xml version="1.0" encoding="UTF-8"?>
<!-- Generated by org.testng.reporters.JUnitReportReporter -->
<testsuite skipped="0" hostname="DESKTOP-K1R1GG0" name="PageObjectModel.EmailSendingTest" tests="1" failures="0" timestamp="2022-05-17T11:11:23 IST" time="128.180" errors="0">
  <testcase name="emailSend" time="128.180" classname="PageObjectModel.EmailSendingTest"/>
  <system-out/>
</testsuite> <!-- PageObjectModel.EmailSendingTest -->
